<?xml version="1.0" encoding="UTF-8"?>
<testsuite xmlns:xsi="http://www.w3.org/2001/XMLSchema-instance" xsi:noNamespaceSchemaLocation="https://maven.apache.org/surefire/maven-surefire-plugin/xsd/surefire-test-report.xsd" version="3.0.2" name="com.example.validate.ValidationExampleApplicationTests" time="12.093" tests="1" errors="0" skipped="0" failures="0">
  <properties>
[...]
</properties>
  <testcase name="contextLoads" classname="com.example.validate.ValidationExampleApplicationTests" time="1.851">
    <system-out><![CDATA[10:20:03.324 [main] INFO org.springframework.test.context.support.AnnotationConfigContextLoaderUtils -- Could not detect default configuration classes for test class [com.example.validate.ValidationExampleApplicationTests]: ValidationExampleApplicationTests does not declare any static, non-private, non-final, nested classes annotated with @Configuration.
10:20:03.627 [main] INFO org.springframework.boot.test.context.SpringBootTestContextBootstrapper -- Found @SpringBootConfiguration com.example.validate.ValidationExampleApplication for test class com.example.validate.ValidationExampleApplicationTests

  .   ____          _            __ _ _
 /\\ / ___'_ __ _ _(_)_ __  __ _ \ \ \ \
( ( )\___ | '_ | '_| | '_ \/ _` | \ \ \ \
 \\/  ___)| |_)| | | | | || (_| |  ) ) ) )
  '  |____| .__|_| |_|_| |_\__, | / / / /
 =========|_|==============|___/=/_/_/_/

 :: Spring Boot ::                (v3.5.5)

2025-08-26T10:20:04.870+05:30  INFO 34012 --- [ValidationExample] [           main] c.e.v.ValidationExampleApplicationTests  : Starting ValidationExampleApplicationTests using Java 21.0.6 with PID 34012 (started by Niti Dwivedi in C:\Users\Niti Dwivedi\Documents\Wipro_Batch1\SpringBoot\ValidationExample)
2025-08-26T10:20:04.874+05:30  INFO 34012 --- [ValidationExample] [           main] c.e.v.ValidationExampleApplicationTests  : No active profile set, falling back to 1 default profile: "default"
2025-08-26T10:20:07.174+05:30  INFO 34012 --- [ValidationExample] [           main] .s.d.r.c.RepositoryConfigurationDelegate : Bootstrapping Spring Data JPA repositories in DEFAULT mode.
2025-08-26T10:20:07.236+05:30  INFO 34012 --- [ValidationExample] [           main] .s.d.r.c.RepositoryConfigurationDelegate : Finished Spring Data repository scanning in 37 ms. Found 0 JPA repository interfaces.
2025-08-26T10:20:08.577+05:30  INFO 34012 --- [ValidationExample] [           main] o.hibernate.jpa.internal.util.LogHelper  : HHH000204: Processing PersistenceUnitInfo [name: default]
2025-08-26T10:20:08.787+05:30  INFO 34012 --- [ValidationExample] [           main] org.hibernate.Version                    : HHH000412: Hibernate ORM core version 6.6.26.Final
2025-08-26T10:20:08.851+05:30  INFO 34012 --- [ValidationExample] [           main] o.h.c.internal.RegionFactoryInitiator    : HHH000026: Second-level cache disabled
2025-08-26T10:20:09.738+05:30  INFO 34012 --- [ValidationExample] [           main] o.s.o.j.p.SpringPersistenceUnitInfo      : No LoadTimeWeaver setup: ignoring JPA class transformer
2025-08-26T10:20:09.822+05:30  INFO 34012 --- [ValidationExample] [           main] com.zaxxer.hikari.HikariDataSource       : HikariPool-1 - Starting...
2025-08-26T10:20:10.216+05:30  INFO 34012 --- [ValidationExample] [           main] com.zaxxer.hikari.pool.HikariPool        : HikariPool-1 - Added connection com.mysql.cj.jdbc.ConnectionImpl@7ba06506
2025-08-26T10:20:10.220+05:30  INFO 34012 --- [ValidationExample] [           main] com.zaxxer.hikari.HikariDataSource       : HikariPool-1 - Start completed.
2025-08-26T10:20:10.306+05:30  WARN 34012 --- [ValidationExample] [           main] org.hibernate.orm.deprecation            : HHH90000025: MySQL8Dialect does not need to be specified explicitly using 'hibernate.dialect' (remove the property setting and it will be selected by default)
2025-08-26T10:20:10.308+05:30  WARN 34012 --- [ValidationExample] [           main] org.hibernate.orm.deprecation            : HHH90000026: MySQL8Dialect has been deprecated; use org.hibernate.dialect.MySQLDialect instead
2025-08-26T10:20:10.355+05:30  INFO 34012 --- [ValidationExample] [           main] org.hibernate.orm.connections.pooling    : HHH10001005: Database info:
	Database JDBC URL [Connecting through datasource 'HikariDataSource (HikariPool-1)']
	Database driver: undefined/unknown
	Database version: 8.0
	Autocommit mode: undefined/unknown
	Isolation level: undefined/unknown
	Minimum pool size: undefined/unknown
	Maximum pool size: undefined/unknown
2025-08-26T10:20:11.071+05:30  INFO 34012 --- [ValidationExample] [           main] o.h.e.t.j.p.i.JtaPlatformInitiator       : HHH000489: No JTA platform available (set 'hibernate.transaction.jta.platform' to enable JTA platform integration)
2025-08-26T10:20:11.082+05:30  INFO 34012 --- [ValidationExample] [           main] j.LocalContainerEntityManagerFactoryBean : Initialized JPA EntityManagerFactory for persistence unit 'default'
2025-08-26T10:20:11.705+05:30  WARN 34012 --- [ValidationExample] [           main] JpaBaseConfiguration$JpaWebConfiguration : spring.jpa.open-in-view is enabled by default. Therefore, database queries may be performed during view rendering. Explicitly configure spring.jpa.open-in-view to disable this warning
2025-08-26T10:20:13.253+05:30  INFO 34012 --- [ValidationExample] [           main] c.e.v.ValidationExampleApplicationTests  : Started ValidationExampleApplicationTests in 9.131 seconds (process running for 11.084)
]]></system-out>
    <system-err><![CDATA[Mockito is currently self-attaching to enable the inline-mock-maker. This will no longer work in future releases of the JDK. Please add Mockito as an agent to your build as described in Mockito's documentation: https://javadoc.io/doc/org.mockito/mockito-core/latest/org.mockito/org/mockito/Mockito.html#0.3
WARNING: A Java agent has been loaded dynamically (C:\Users\Niti Dwivedi\.m2\repository\net\bytebuddy\byte-buddy-agent\1.17.7\byte-buddy-agent-1.17.7.jar)
WARNING: If a serviceability tool is in use, please run with -XX:+EnableDynamicAgentLoading to hide this warning
WARNING: If a serviceability tool is not in use, please run with -Djdk.instrument.traceUsage for more information
WARNING: Dynamic loading of agents will be disallowed by default in a future release
]]></system-err>
  </testcase>
</testsuite>